VstoneMagic Build&Execute Message Log
BuildStart time:2019/01/30 11:58:37
ãƒ“ãƒ«ãƒ‰ã‚’é–‹å§‹ã—ã¾ã™ã€‚
E:\VstoneMagic\jdk\bin\javac.exe  -d "E:\sota\sotaWorkVer01\bin"  -g -Xlint:deprecation   -cp ".;C:\Users\user\VstoneMagicData\jar\commons-codec-1.10.jar;C:\Users\user\VstoneMagicData\jar\core-2.2.jar;C:\Users\user\VstoneMagicData\jar\gson-2.6.1.jar;C:\Users\user\VstoneMagicData\jar\javase-2.2.jar;C:\Users\user\VstoneMagicData\jar\jna-4.1.0.jar;C:\Users\user\VstoneMagicData\jar\opencv-310.jar;C:\Users\user\VstoneMagicData\jar\SotaAppManager.jar;C:\Users\user\VstoneMagicData\jar\sotalib.jar;C:\Users\user\VstoneMagicData\jar\SRClientHelper.jar;E:\sota\sotaWorkVer01\jar\jsoup-1.11.3.jar"  -encoding UTF-8 "E:\sota\sotaWorkVer01\src\main\main.java" "E:\sota\sotaWorkVer01\src\jp\co\mysota\mymain.java" 

æ­£å¸¸ã«ã‚³ãƒ³ãƒ‘ã‚¤ãƒ«ã§ãã¾ã—ãŸã€‚

jarãƒ•ã‚¡ã‚¤ãƒ«ã®ä½œæˆ
ãƒãƒ‹ãƒ•ã‚§ã‚¹ãƒˆãƒ•ã‚¡ã‚¤ãƒ«ã‚’ä½œæˆã—ã¾ã™ã€‚
jarãƒ•ã‚¡ã‚¤ãƒ«ã‚’ä½œæˆã—ã¾ã™ã€‚
E:\VstoneMagic\jdk\bin\jar.exe cvfm sotaWorkVer01.jar Manifest.mf main jp\co\mysota
ãƒãƒ‹ãƒ•ã‚§ã‚¹ãƒˆãŒè¿½åŠ ã•ã‚Œã¾ã—ãŸ
main/ã‚’è¿½åŠ ä¸­ã§ã™(å…¥=0)(å‡º=0)(0%æ ¼ç´ã•ã‚Œã¾ã—ãŸ)
main/main$GlobalVariable.classã‚’è¿½åŠ ä¸­ã§ã™(å…¥=1625)(å‡º=794)(51%åç¸®ã•ã‚Œã¾ã—ãŸ)
main/main.classã‚’è¿½åŠ ä¸­ã§ã™(å…¥=2179)(å‡º=1183)(45%åç¸®ã•ã‚Œã¾ã—ãŸ)
jp/co/mysota/ã‚’è¿½åŠ ä¸­ã§ã™(å…¥=0)(å‡º=0)(0%æ ¼ç´ã•ã‚Œã¾ã—ãŸ)
jp/co/mysota/mymain$1.classã‚’è¿½åŠ ä¸­ã§ã™(å…¥=1160)(å‡º=718)(38%åç¸®ã•ã‚Œã¾ã—ãŸ)
jp/co/mysota/mymain.classã‚’è¿½åŠ ä¸­ã§ã™(å…¥=55740)(å‡º=19307)(65%åç¸®ã•ã‚Œã¾ã—ãŸ)

jarãƒ•ã‚¡ã‚¤ãƒ«ã‚’ä½œæˆã—ã¾ã—ãŸã€‚

é€ä¿¡ãƒ•ã‚¡ã‚¤ãƒ«ã®ä¸Šæ›¸ãç¢ºèª

ã‚¹ã‚¿ãƒ¼ãƒˆã‚¢ãƒƒãƒ—ã‚¢ãƒ—ãƒªã‚±ãƒ¼ã‚·ãƒ§ãƒ³ã®åœæ­¢
echo "STOP_STARTUP" > /home/vstone/vstonemagic/menu.fifoãƒ­ãƒœãƒƒãƒˆã®SFTPã¸æ¥ç¶šã—ã¾ã™ã€‚
192.168.32.63@root
..


ãƒ•ã‚¡ã‚¤ãƒ«ã®è»¢é€
ãƒ­ãƒœãƒƒãƒˆã«ãƒ•ã‚¡ã‚¤ãƒ«ã‚’è»¢é€ã—ã¾ã™ã€‚
Connect to 192.168.32.63@root...æ¥ç¶šã—ã¾ã—ãŸã€‚
ãƒ•ã‚¡ã‚¤ãƒ«ã®è»¢é€ã‚’é–‹å§‹ã—ã¾ã™ã€‚
No send:'E:\sota\sotaWorkVer01\jar\jsoup-1.11.3.jar'
Send':'sotaWorkVer01.jar'. completed


ã‚¢ãƒ—ãƒªã‚±ãƒ¼ã‚·ãƒ§ãƒ³ç™»éŒ²ç”¨ã®ã‚¢ãƒ¼ã‚«ã‚¤ãƒ–ãƒ•ã‚¡ã‚¤ãƒ«ã‚’ä½œæˆ
..
ãƒ“ãƒ«ãƒ‰ãŒå®Œäº†ã—ã¾ã—ãŸã€‚


jarãƒ•ã‚¡ã‚¤ãƒ«ã®å®Ÿè¡Œ
ãƒ­ãƒœãƒƒãƒˆã®SSHã¸æ¥ç¶šã—ã¾ã™ã€‚
192.168.32.63@root
java -Dfile.encoding=UTF8 -Djava.library.path=/usr/local/share/OpenCV/java/  -Xdebug -Xrunjdwp:transport=dt_socket,server=y,address=8765 -jar sotaWorkVer01.jar 2>&1 &ãƒ•ã‚¡ã‚¤ãƒ«ã®è»¢é€ãŒå®Œäº†ã—ã¾ã—ãŸã€‚java -Dfile.encoding=UTF8 -Djava.library.path=/usr/local/share/OpenCV/java/  -Xdebug -Xrunjdwp:transport=dt_socket,server=y,address=8765 -jar sotaWorkVer01.jar 2>&1 &
[1;32mroot@edison:~$[m java -Dfile.encoding=UTF8 -Djava.library.path=/usr/local/share/OpenCV/java/  -Xdebug -Xrunjdwp:transport=dt_socket,server=y,address=8765 -jar sotaWorkVer01.jar 2>&1 &
[1] 28648
[1;32mroot@edison:~$[m ãƒ‡ãƒãƒƒã‚°ã®æº–å‚™ãŒã§ãã¾ã—ãŸã€‚

jdbã®å®Ÿè¡Œ
ãƒ‡ãƒãƒƒã‚¬ã‚’èµ·å‹•ã—ã¾ã™ã€‚
E:\VstoneMagic\jdk\bin\jdb.exe -connect com.sun.jdi.SocketAttach:hostname=192.168.32.63,port=8765
Listening for transport dt_socket at address: 8765
æ•æ‰ã•ã‚Œãªã„java.lang.Throwableã®è¨­å®šé…å»¶ã—ãŸæ•æ‰ã•ã‚Œãªã„java.lang.Throwableã®è¨­å®šjdbã®åˆæœŸåŒ–ä¸­...ãƒ‡ãƒãƒƒã‚°å®Ÿè¡Œã®ã‚¹ã‚¿ãƒ³ãƒã‚¤ãŒã§ãã¾ã—ãŸã€‚
> VMãŒé–‹å§‹ã•ã‚Œã¾ã—ãŸ: ç¾åœ¨ã®ã‚³ãƒ¼ãƒ«ãƒ»ã‚¹ã‚¿ãƒƒã‚¯ã«ãƒ•ãƒ¬ãƒ¼ãƒ ãŒã‚ã‚Šã¾ã›ã‚“[Info][SpeechRecog]SpeechRecog
[Info][CRoboCamera]class jp.vstone.RobotLib.CSotaMotion
[Info][CRobotSock]Connected server
[Info][CRobotMotion]MasterCtrlPeriod 16666
[Info][MotionAsSotaWish]stop
[Info][MotionAsSotaWish][Say][scene:talk]ãƒ—ãƒ­ã‚°ãƒ©ãƒ ã‚’å®Ÿè¡Œé–‹å§‹ã—ã¾ã™
[Info][TextToSpeechSota][TTS_USE_CACHE] /var/sota/tts//1548810967731.wav
[Info][CPlayWave]Play /var/sota/tts//1548810967731.wav
[Info][CPlayWave]isEdison
[Info][CPlayWave]play------- 28670
[Info][MotionAsSotaWish]play 2583
[Info][MotionAsSotaWish][play][talk] [2183msec]
[Info][CRoboCamera]StartTask MODE_FACE_TRACK
[Info][CRoboCamera]openCapture
/home/vstone/pux_faceu/bin/ROMfiles/PFID_dict_feature_ha2.bin
[Info][CRoboCamera]Strat FaceDetectTask 16
[Info][MotionAsSotaWish]stop
[Info][MotionAsSotaWish]cplay stop start
[Info][MotionAsSotaWish]cplay stop end
[Info][MotionAsSotaWish][Say][scene:talk]ã‚ˆã†ã“ã ç§‹ç”°çœŒåº ç¬¬äºŒåºèˆ ã¸
[Info][TextToSpeechSota][TTS_USE_CACHE] /var/sota/tts//1548810628430.wav
[Info][CPlayWave]Play /var/sota/tts//1548810628430.wav
[Info][CPlayWave]isEdison
[Info][CPlayWave]play------- 28713
[Info][MotionAsSotaWish]play 3073
[Info][MotionAsSotaWish][play][talk] [2673msec]
[Info][SpeechRecog][getRecognition][Score:0.9356315319354718]åæœˆã«ç§‹ç”°å¸‚ã§é–‹å‚¬ã•ã‚Œã‚‹ã‚¤ãƒ™ãƒ³ãƒˆ
[Info][SpeechRecog][getRecognition][Score:0.8693356147179238]åæœˆã«ç§‹ç”°ç§‹ç”°å¸‚ã§é–‹å‚¬ã•ã‚Œã‚‹ã‚¤ãƒ™ãƒ³ãƒˆ
[Info][SpeechRecog][getRecognition][Score:0.8457981989933895]ï¼‘ï¼äºŒç§‹ç”°å¸‚ã§é–‹å‚¬ã•ã‚Œã‚‹ã‚¤ãƒ™ãƒ³ãƒˆ
[Info][SpeechRecog][getRecognition][Score:0.8712290250338042]åæœˆã«å¸‚ã§é–‹å‚¬ã•ã‚Œã‚‹ã‚¤ãƒ™ãƒ³ãƒˆ
[Info][SpeechRecog][getRecognition][Score:0.8977388235238882]åæœˆäºŒç§‹ç”°å¸‚ã§é–‹å‚¬ã•ã‚Œã‚‹ã‚¤ãƒ™ãƒ³ãƒˆ
[Info][SpeechRecog][getRecognition][Score:0.870951872605544]åæœˆã«ã§é–‹å‚¬ã•ã‚Œã‚‹ã‚¤ãƒ™ãƒ³ãƒˆ
[Info][SpeechRecog][getRecognition][Score:0.8775501251220703]ä¸€ã€‡æœˆã«ç§‹ç”°å¸‚ã§é–‹å‚¬ã•ã‚Œã‚‹ã‚¤ãƒ™ãƒ³ãƒˆ
[Info][SpeechRecog][getRecognition][Score:0.8772057753342849]åã«ç§‹ç”°å¸‚ã§é–‹å‚¬ã•ã‚Œã‚‹ã‚¤ãƒ™ãƒ³ãƒˆ
[Info][SpeechRecog][getRecognition][Score:0.883690907404973]ï¼‘ï¼ã«ç§‹ç”°å¸‚ã§é–‹å‚¬ã•ã‚Œã‚‹ã‚¤ãƒ™ãƒ³ãƒˆ
[Info][SpeechRecog][getRecognition][BasicResult] åæœˆã«ç§‹ç”°å¸‚ã§é–‹å‚¬ã•ã‚Œã‚‹ã‚¤ãƒ™ãƒ³ãƒˆ
[Info][MotionAsSotaWish]stop
[Info][MotionAsSotaWish]cplay stop start
[Info][MotionAsSotaWish]cplay stop end
[Info][MotionAsSotaWish][Say][scene:talk]ã¡ã‚‡ã£ã¨å¾…ã£ã¦ã­
[Info][TextToSpeechSota][TTS_USE_CACHE] /var/sota/tts//1548642061851.wav
[Info][CPlayWave]removeShutdownHook
[Info][CPlayWave]Play /var/sota/tts//1548642061851.wav
[Info][CPlayWave]isEdison
[Info][CPlayWave]removeShutdownHook
[Info][CPlayWave]play------- 28763
[Info][MotionAsSotaWish]play 1329
[Info][MotionAsSotaWish][play][talk] [929msec]
[Info][MotionAsSotaWish]stop
[Info][MotionAsSotaWish]cplay stop start
[Info][MotionAsSotaWish]cplay stop end
[Info][MotionAsSotaWish][Say][scene:talk]1ä»¶ã‚‚è¦‹ã¤ã‹ã‚Šã¾ã›ã‚“ã§ã—ãŸã€‚
[Info][TextToSpeechSota][get:1ä»¶ã‚‚è¦‹ã¤ã‹ã‚Šã¾ã›ã‚“ã§ã—ãŸã€‚][speechRate:11][pitch:13]][intonation:11][lang:null]
[Info][CPlayWave]Play /dev/shm/wavtemptts0.wav
[Info][CPlayWave]isEdison
[Info][CPlayWave]play------- 28824
[Info][MotionAsSotaWish]play 2232
[Info][MotionAsSotaWish][play][talk] [1832msec]
[Info][CPlayWave]removeShutdownHook
[Info][MotionAsSotaWish]stop
[Info][MotionAsSotaWish]cplay stop start
[Info][MotionAsSotaWish]cplay stop end
[Info][MotionAsSotaWish][Say][scene:talk]ã‚ˆã†ã“ã ç§‹ç”°çœŒåº ç¬¬äºŒåºèˆ ã¸
[Info][TextToSpeechSota][TTS_USE_CACHE] /var/sota/tts//1548810628430.wav
[Info][CPlayWave]Play /var/sota/tts//1548810628430.wav
[Info][CPlayWave]isEdison
[Info][CPlayWave]play------- 28854
[Info][MotionAsSotaWish]play 3073
[Info][MotionAsSotaWish][play][talk] [2673msec]
[Info][CPlayWave]removeShutdownHook
[Info][SpeechRecog][getRecognition][Score:0.8494964327130998]äºŒæœˆã«å¸‚ã§é–‹å‚¬ã•ã‚Œã‚‹ã‚¤ãƒ™ãƒ³ãƒˆ
[Info][SpeechRecog][getRecognition][Score:0.8485336303710938]äºŒæœˆã«æ¨ªæ‰‹æ¨ªæ‰‹å¸‚ã§é–‹å‚¬ã•ã‚Œã‚‹ã‚¤ãƒ™ãƒ³ãƒˆ
[Info][SpeechRecog][getRecognition][Score:0.8398606436593191]äºŒæœˆæ¨ªæ‰‹å¸‚ã§é–‹å‚¬ã•ã‚Œã‚‹ã‚¤ãƒ™ãƒ³ãƒˆ
[Info][SpeechRecog][getRecognition][Score:0.8398361206054688]äºŒæœˆå¸‚ã§é–‹å‚¬ã•ã‚Œã‚‹ã‚¤ãƒ™ãƒ³ãƒˆ
[Info][SpeechRecog][getRecognition][Score:0.8495208195277623]äºŒæœˆã«æ¨ªæ‰‹å¸‚ã§é–‹å‚¬ã•ã‚Œã‚‹ã‚¤ãƒ™ãƒ³ãƒˆ
[Info][SpeechRecog][getRecognition][BasicResult] äºŒæœˆã«æ¨ªæ‰‹å¸‚ã§é–‹å‚¬ã•ã‚Œã‚‹ã‚¤ãƒ™ãƒ³ãƒˆ
[Info][MotionAsSotaWish]stop
[Info][MotionAsSotaWish]cplay stop start
[Info][MotionAsSotaWish]cplay stop end
[Info][MotionAsSotaWish][Say][scene:talk]ã¡ã‚‡ã£ã¨å¾…ã£ã¦ã­
[Info][TextToSpeechSota][TTS_USE_CACHE] /var/sota/tts//1548642061851.wav
[Info][CPlayWave]Play /var/sota/tts//1548642061851.wav
[Info][CPlayWave]isEdison
[Info][CPlayWave]play------- 29117
[Info][MotionAsSotaWish]play 1329
[Info][MotionAsSotaWish][play][talk] [929msec]
[Info][CPlayWave]removeShutdownHook
[Info][MotionAsSotaWish]stop
[Info][MotionAsSotaWish]cplay stop start
[Info][MotionAsSotaWish]cplay stop end
[Info][MotionAsSotaWish][Say][scene:talk]4ä»¶è¦‹ã¤ã‹ã‚Šã¾ã—ãŸã€‚
[Info][TextToSpeechSota][TTS_USE_CACHE] /var/sota/tts//1548816724754.wav
[Info][CPlayWave]Play /var/sota/tts//1548816724754.wav
[Info][CPlayWave]isEdison
[Info][CPlayWave]play------- 29144
[Info][MotionAsSotaWish]play 1747
[Info][MotionAsSotaWish][play][talk] [1347msec]
[Info][CPlayWave]removeShutdownHook
[Info][MotionAsSotaWish]stop
[Info][MotionAsSotaWish]cplay stop start
[Info][MotionAsSotaWish]cplay stop end
[Info][MotionAsSotaWish][Say][scene:talk]æ¨ªå±±æ´¥æµå±•ï½ç§‹ç”°çœŒç«‹è¿‘ä»£ç¾è¡“é¤¨ï½ ã‚¤ãƒ™ãƒ³ãƒˆæœŸé–“ï¼š2018å¹´12æœˆ01æ—¥ ï½ 2019å¹´02æœˆ11æ—¥ æ¨ªæ‰‹å¸‚ æ˜¨å¹´æ²¡å¾Œ10å¹´ã‚’è¿ãˆãŸç§‹ç”°å¸‚å‡ºèº«ã®æ—¥æœ¬ç”»å®¶ã€æ¨ªå±±æ´¥æµã®å›é¡§å±•ã‚’é–‹å‚¬ã—ã¾ã™ã€‚ æœ¬å±•ã§ã¯é™¢å±•ã«å‡ºå“ã‚’ç¶šã‘ç§‹ç”°ã®æ—¥æœ¬ç”»å£‡ã‚’ç‰½å¼•ã—ãŸæ¨ªå±±ã®ã€åˆæœŸã‹ã‚‰ã®æ™©å¹´ã«ã‹ã‘ã¦ã®ä½œå“ã¨è³‡æ–™ã‚’å±•ç¤ºã—ã¾ã™ã€‚ æ¨ªå±±ãŒç”Ÿæ¶¯ã«ã‚ãŸã‚Šè¿½ç©¶ã—ç¶šã‘ãŸã€å¥³æ€§ç¾ã®æ•°ã€…ã‚’ãŠæ¥½ã—ã¿ãã ã•ã„ã€‚ ã€é–‹å‚¬æœŸé–“ã€‘å¹³æˆ30å¹´12æœˆ1æ—¥(åœŸ)ï½å¹³æˆ31å¹´2æœˆ11æ—¥(æœˆãƒ»ç¥) ã€å ´æ‰€ã€‘ã€€ã€€ç§‹ç”°çœŒç«‹è¿‘ä»£ç¾è¡“é¤¨ï¼ˆç§‹ç”°ãµã‚‹ã•ã¨æ‘å†…ï¼‰ ã€é–‹é¤¨æ™‚é–“ã€‘åˆå‰ï¼™æ™‚ï¼“ï¼åˆ†ï½åˆå¾Œï¼•æ™‚ã¾ã§ï¼ˆå…¥é¤¨ã¯åˆå¾Œï¼”æ™‚ï¼“ï¼åˆ†ã¾ã§ï¼‰ ã€è¦³è¦§æ–™ã€‘ã€€ä¸€èˆ¬ï¼•ï¼ï¼å†† ã€ä¼‘é¤¨æ—¥ã€‘å¹´æœ«ä¼‘é¤¨ã€€ï¼’ï¼ï¼‘ï¼˜å¹´ï¼‘ï¼’æœˆï¼’ï¼™æ—¥ï¼ˆåœŸï¼‰ï½ï¼‘ï¼’æœˆï¼“ï¼‘æ—¥ï¼ˆæœˆï¼‰ ã€€ã€€ã€€ã€€ã€€ãƒ¡ãƒ³ãƒ†ãƒŠãƒ³ã‚¹ä¼‘é¤¨ã€€ï¼’ï¼ï¼‘ï¼™å¹´ï¼‘æœˆï¼‘ï¼•æ—¥ï¼ˆç«ï¼‰ï½ï¼‘æœˆï¼’ï¼”æ—¥ï¼ˆæœ¨ï¼‰ ãã‚ã—ãã¯ã“ã¡ã‚‰ã‹ã‚‰ã€€http://www.pref.akita.jp/gakusyu/public_html/
[Info][TextToSpeechSota][get:æ¨ªå±±æ´¥æµå±•ï½ç§‹ç”°çœŒç«‹è¿‘ä»£ç¾è¡“é¤¨ï½ ã‚¤ãƒ™ãƒ³ãƒˆæœŸé–“ï¼š2018å¹´12æœˆ01æ—¥ ï½ 2019å¹´02æœˆ11æ—¥ æ¨ªæ‰‹å¸‚ æ˜¨å¹´æ²¡å¾Œ10å¹´ã‚’è¿ãˆãŸç§‹ç”°å¸‚å‡ºèº«ã®æ—¥æœ¬ç”»å®¶ã€æ¨ªå±±æ´¥æµã®å›é¡§å±•ã‚’é–‹å‚¬ã—ã¾ã™ã€‚ æœ¬å±•ã§ã¯é™¢å±•ã«å‡ºå“ã‚’ç¶šã‘ç§‹ç”°ã®æ—¥æœ¬ç”»å£‡ã‚’ç‰½å¼•ã—ãŸæ¨ªå±±ã®ã€åˆæœŸã‹ã‚‰ã®æ™©å¹´ã«ã‹ã‘ã¦ã®ä½œå“ã¨è³‡æ–™ã‚’å±•ç¤ºã—ã¾ã™ã€‚ æ¨ªå±±ãŒç”Ÿæ¶¯ã«ã‚ãŸã‚Šè¿½ç©¶ã—ç¶šã‘ãŸã€å¥³æ€§ç¾ã®æ•°ã€…ã‚’ãŠæ¥½ã—ã¿ãã ã•ã„ã€‚ ã€é–‹å‚¬æœŸé–“ã€‘å¹³æˆ30å¹´12æœˆ1æ—¥(åœŸ)ï½å¹³æˆ31å¹´2æœˆ11æ—¥(æœˆãƒ»ç¥) ã€å ´æ‰€ã€‘ã€€ã€€ç§‹ç”°çœŒç«‹è¿‘ä»£ç¾è¡“é¤¨ï¼ˆç§‹ç”°ãµã‚‹ã•ã¨æ‘å†…ï¼‰ ã€é–‹é¤¨æ™‚é–“ã€‘åˆå‰ï¼™æ™‚ï¼“ï¼åˆ†ï½åˆå¾Œï¼•æ™‚ã¾ã§ï¼ˆå…¥é¤¨ã¯åˆå¾Œï¼”æ™‚ï¼“ï¼åˆ†ã¾ã§ï¼‰ ã€è¦³è¦§æ–™ã€‘ã€€ä¸€èˆ¬ï¼•ï¼ï¼å†† ã€ä¼‘é¤¨æ—¥ã€‘å¹´æœ«ä¼‘é¤¨ã€€ï¼’ï¼ï¼‘ï¼˜å¹´ï¼‘ï¼’æœˆï¼’ï¼™æ—¥ï¼ˆåœŸï¼‰ï½ï¼‘ï¼’æœˆï¼“ï¼‘æ—¥ï¼ˆæœˆï¼‰ ã€€ã€€ã€€ã€€ã€€ãƒ¡ãƒ³ãƒ†ãƒŠãƒ³ã‚¹ä¼‘é¤¨ã€€ï¼’ï¼ï¼‘ï¼™å¹´ï¼‘æœˆï¼‘ï¼•æ—¥ï¼ˆç«ï¼‰ï½ï¼‘æœˆï¼’ï¼”æ—¥ï¼ˆæœ¨ï¼‰ ãã‚ã—ãã¯ã“ã¡ã‚‰ã‹ã‚‰ã€€http://www.pref.akita.jp/gakusyu/public_html/][speechRate:11][pitch:13]][intonation:11][lang:null]
[Info][CPlayWave]removeShutdownHook
[Info][CPlayWave]Play /dev/shm/wavtemptts1.wav
[Info][CPlayWave]isEdison
[Info][CPlayWave]play------- 29188
[Info][MotionAsSotaWish]play 80129
[Info][MotionAsSotaWish][play][talk] [79729msec]

kill ` jps|grep "^[0-9]\+ jar" |awk '{print $1}'`ä¸­æ–­ã—ã¾ã™ã€‚
exit
[1;32mroot@edison:~$[m main[1] > 
[1;32mroot@edison:~$[m kill ` jps|grListening for transport dt_socket at address: 8765
ep "^[0-9]\+ jar" |awk '{print $1}'`

ãƒ­ãƒœãƒƒãƒˆã¨ã®é€šä¿¡ã‚’åˆ‡æ–­ã—ã¾ã—ãŸã€‚
failed in sendDebugCommand:quit
StandardIn ãŒãƒªãƒ€ã‚¤ãƒ¬ã‚¯ãƒˆã•ã‚Œã¦ã„ã¾ã›ã‚“ã€‚